Using pre-set license
Built from '2020.3/staging' branch; Version is '2020.3.8f1 (507919d4fff5) revision 5273881'; Using compiler version '192528614'; Build Type 'Release'
OS: 'Windows 10 Home; OS build 19043.1165; Version 2009; 64bit' Language: 'en' Physical Memory: 16150 MB
BatchMode: 1, IsHumanControllingUs: 0, StartBugReporterOnCrash: 0, Is64bit: 1, IsPro: 0

 COMMAND LINE ARGUMENTS:
C:\Program Files\Unity\Hub\Editor\2020.3.8f1\Editor\Unity.exe
-adb2
-batchMode
-noUpm
-name
AssetImportWorker0
-projectPath
C:/Users/alber/2DPixelLights_PixelBot
-logFile
Logs/AssetImportWorker0.log
-srvPort
55473
Successfully changed project path to: C:/Users/alber/2DPixelLights_PixelBot
C:/Users/alber/2DPixelLights_PixelBot
Using Asset Import Pipeline V2.
Refreshing native plugins compatible for Editor in 61.96 ms, found 1 plugins.
Preloading 0 native plugins for Editor in 0.00 ms.
Initialize engine version: 2020.3.8f1 (507919d4fff5)
[Subsystems] Discovering subsystems at path C:/Program Files/Unity/Hub/Editor/2020.3.8f1/Editor/Data/Resources/UnitySubsystems
[Subsystems] Discovering subsystems at path C:/Users/alber/2DPixelLights_PixelBot/Assets
GfxDevice: creating device client; threaded=0
Direct3D:
    Version:  Direct3D 11.0 [level 11.1]
    Renderer: NVIDIA GeForce RTX 2060 (ID=0x1f15)
    Vendor:   
    VRAM:     5980 MB
    Driver:   30.0.14.7111
Shader 'Universal Render Pipeline/Particles/Lit': fallback shader 'Universal Render Pipeline/Particles/SimpleLit' not found
Initialize mono
Mono path[0] = 'C:/Program Files/Unity/Hub/Editor/2020.3.8f1/Editor/Data/Managed'
Mono path[1] = 'C:/Program Files/Unity/Hub/Editor/2020.3.8f1/Editor/Data/MonoBleedingEdge/lib/mono/unityjit'
Mono config path = 'C:/Program Files/Unity/Hub/Editor/2020.3.8f1/Editor/Data/MonoBleedingEdge/etc'
Using monoOptions --debugger-agent=transport=dt_socket,embedding=1,server=y,suspend=n,address=127.0.0.1:56304
Begin MonoManager ReloadAssembly
Registering precompiled unity dll's ...
Register platform support module: C:/Program Files/Unity/Hub/Editor/2020.3.8f1/Editor/Data/PlaybackEngines/WebGLSupport/UnityEditor.WebGL.Extensions.dll
Register platform support module: C:/Program Files/Unity/Hub/Editor/2020.3.8f1/Editor/Data/PlaybackEngines/WindowsStandaloneSupport/UnityEditor.WindowsStandalone.Extensions.dll
Registered in 0.001997 seconds.
Native extension for WindowsStandalone target not found
Native extension for WebGL target not found
Refreshing native plugins compatible for Editor in 65.88 ms, found 1 plugins.
Preloading 0 native plugins for Editor in 0.00 ms.
Mono: successfully reloaded assembly
- Completed reload, in  0.982 seconds
Platform modules already initialized, skipping
Registering precompiled user dll's ...
Registered in 0.002198 seconds.
Begin MonoManager ReloadAssembly
Native extension for WindowsStandalone target not found
Native extension for WebGL target not found
Refreshing native plugins compatible for Editor in 67.85 ms, found 1 plugins.
Preloading 0 native plugins for Editor in 0.00 ms.
Mono: successfully reloaded assembly
- Completed reload, in  0.881 seconds
Platform modules already initialized, skipping
========================================================================
Worker process is ready to serve import requests
Shader 'Universal Render Pipeline/Particles/Lit': fallback shader 'Universal Render Pipeline/Particles/SimpleLit' not found
Launched and connected shader compiler UnityShaderCompiler.exe after 0.03 seconds
Refreshing native plugins compatible for Editor in 0.78 ms, found 1 plugins.
Preloading 0 native plugins for Editor in 0.00 ms.
Unloading 3086 Unused Serialized files (Serialized files now loaded: 0)
System memory in use before: 137.9 MB.
System memory in use after: 138.1 MB.

Unloading 24 unused Assets to reduce memory usage. Loaded Objects now: 3536.
Total: 2.197800 ms (FindLiveObjects: 0.287400 ms CreateObjectMapping: 0.208800 ms MarkObjects: 1.644600 ms  DeleteObjects: 0.056300 ms)

========================================================================
Received Import Request.
  path: Assets/Scripts/Skill_Heal.cs
  artifactKey: Guid(41808390132016644b58ee06432de3f0) Importer(815301076,1909f56bfc062723c751e8b465ee728b)
Start importing Assets/Scripts/Skill_Heal.cs using Guid(41808390132016644b58ee06432de3f0) Importer(815301076,1909f56bfc062723c751e8b465ee728b)  -> (artifact id: 'f676ebf19b61310ee9bc333b484eed32') in 0.021008 seconds
  Import took 0.025248 seconds .

========================================================================
Received Import Request.
  Time since last request: 0.000127 seconds.
  path: Assets/Scripts/Skill.cs
  artifactKey: Guid(2821b7e33e29dde48ad246ac3201c6c9) Importer(815301076,1909f56bfc062723c751e8b465ee728b)
Start importing Assets/Scripts/Skill.cs using Guid(2821b7e33e29dde48ad246ac3201c6c9) Importer(815301076,1909f56bfc062723c751e8b465ee728b)  -> (artifact id: '7423d055857c5c3863a577f8302277fd') in 0.005443 seconds
  Import took 0.009741 seconds .

========================================================================
Received Prepare
Registering precompiled user dll's ...
Registered in 0.002253 seconds.
Begin MonoManager ReloadAssembly
Native extension for WindowsStandalone target not found
Native extension for WebGL target not found
Refreshing native plugins compatible for Editor in 0.75 ms, found 1 plugins.
Preloading 0 native plugins for Editor in 0.00 ms.
Mono: successfully reloaded assembly
- Completed reload, in  0.827 seconds
Platform modules already initialized, skipping
Shader 'Universal Render Pipeline/Particles/Lit': fallback shader 'Universal Render Pipeline/Particles/SimpleLit' not found
Refreshing native plugins compatible for Editor in 0.75 ms, found 1 plugins.
Preloading 0 native plugins for Editor in 0.00 ms.
Unloading 2970 Unused Serialized files (Serialized files now loaded: 0)
System memory in use before: 130.4 MB.
System memory in use after: 130.6 MB.

Unloading 12 unused Assets to reduce memory usage. Loaded Objects now: 3541.
Total: 2.038300 ms (FindLiveObjects: 0.266800 ms CreateObjectMapping: 0.166300 ms MarkObjects: 1.588900 ms  DeleteObjects: 0.015600 ms)

========================================================================
Received Import Request.
  Time since last request: 6047.076716 seconds.
  path: Assets/Scripts/Skill.cs
  artifactKey: Guid(2821b7e33e29dde48ad246ac3201c6c9) Importer(815301076,1909f56bfc062723c751e8b465ee728b)
Start importing Assets/Scripts/Skill.cs using Guid(2821b7e33e29dde48ad246ac3201c6c9) Importer(815301076,1909f56bfc062723c751e8b465ee728b)  -> (artifact id: 'f7288ee9d5863a7e5e961931d11ab286') in 0.004245 seconds
  Import took 0.008144 seconds .

========================================================================
Received Import Request.
  Time since last request: 417.839019 seconds.
  path: Assets/Scripts/Character.cs
  artifactKey: Guid(392a6691d5a6a2a4f934a665d2ae13dc) Importer(815301076,1909f56bfc062723c751e8b465ee728b)
Start importing Assets/Scripts/Character.cs using Guid(392a6691d5a6a2a4f934a665d2ae13dc) Importer(815301076,1909f56bfc062723c751e8b465ee728b)  -> (artifact id: 'dc2f10bfb81c6fd3bd96dbe62502cd68') in 0.005369 seconds
  Import took 0.010449 seconds .

========================================================================
Received Import Request.
  Time since last request: 0.015064 seconds.
  path: Assets/Scripts/Character.cs
  artifactKey: Guid(392a6691d5a6a2a4f934a665d2ae13dc) Importer(815301076,1909f56bfc062723c751e8b465ee728b)
Start importing Assets/Scripts/Character.cs using Guid(392a6691d5a6a2a4f934a665d2ae13dc) Importer(815301076,1909f56bfc062723c751e8b465ee728b)  -> (artifact id: 'dc2f10bfb81c6fd3bd96dbe62502cd68') in 0.001829 seconds
  Import took 0.006360 seconds .

========================================================================
Received Prepare
Registering precompiled user dll's ...
Registered in 0.002404 seconds.
Begin MonoManager ReloadAssembly
Native extension for WindowsStandalone target not found
Native extension for WebGL target not found
Refreshing native plugins compatible for Editor in 0.75 ms, found 1 plugins.
Preloading 0 native plugins for Editor in 0.00 ms.
Mono: successfully reloaded assembly
- Completed reload, in  0.815 seconds
Platform modules already initialized, skipping
Shader 'Universal Render Pipeline/Particles/Lit': fallback shader 'Universal Render Pipeline/Particles/SimpleLit' not found
Refreshing native plugins compatible for Editor in 0.71 ms, found 1 plugins.
Preloading 0 native plugins for Editor in 0.00 ms.
Unloading 2970 Unused Serialized files (Serialized files now loaded: 0)
System memory in use before: 130.5 MB.
System memory in use after: 130.7 MB.

Unloading 12 unused Assets to reduce memory usage. Loaded Objects now: 3546.
Total: 2.045600 ms (FindLiveObjects: 0.266900 ms CreateObjectMapping: 0.144700 ms MarkObjects: 1.618700 ms  DeleteObjects: 0.014400 ms)

========================================================================
Received Prepare
Registering precompiled user dll's ...
Registered in 0.002223 seconds.
Begin MonoManager ReloadAssembly
Native extension for WindowsStandalone target not found
Native extension for WebGL target not found
Refreshing native plugins compatible for Editor in 0.73 ms, found 1 plugins.
Preloading 0 native plugins for Editor in 0.00 ms.
Mono: successfully reloaded assembly
- Completed reload, in  0.798 seconds
Platform modules already initialized, skipping
Shader 'Universal Render Pipeline/Particles/Lit': fallback shader 'Universal Render Pipeline/Particles/SimpleLit' not found
Refreshing native plugins compatible for Editor in 0.74 ms, found 1 plugins.
Preloading 0 native plugins for Editor in 0.00 ms.
Unloading 2970 Unused Serialized files (Serialized files now loaded: 0)
System memory in use before: 130.5 MB.
System memory in use after: 130.7 MB.

Unloading 12 unused Assets to reduce memory usage. Loaded Objects now: 3551.
Total: 2.028900 ms (FindLiveObjects: 0.286000 ms CreateObjectMapping: 0.143600 ms MarkObjects: 1.584600 ms  DeleteObjects: 0.014000 ms)

========================================================================
Received Prepare
Registering precompiled user dll's ...
Registered in 0.002205 seconds.
Begin MonoManager ReloadAssembly
Native extension for WindowsStandalone target not found
Native extension for WebGL target not found
Refreshing native plugins compatible for Editor in 0.73 ms, found 1 plugins.
Preloading 0 native plugins for Editor in 0.00 ms.
Mono: successfully reloaded assembly
- Completed reload, in  0.830 seconds
Platform modules already initialized, skipping
Shader 'Universal Render Pipeline/Particles/Lit': fallback shader 'Universal Render Pipeline/Particles/SimpleLit' not found
Refreshing native plugins compatible for Editor in 0.72 ms, found 1 plugins.
Preloading 0 native plugins for Editor in 0.00 ms.
Unloading 2970 Unused Serialized files (Serialized files now loaded: 0)
System memory in use before: 130.5 MB.
System memory in use after: 130.8 MB.

Unloading 12 unused Assets to reduce memory usage. Loaded Objects now: 3556.
Total: 2.030800 ms (FindLiveObjects: 0.233800 ms CreateObjectMapping: 0.151400 ms MarkObjects: 1.630000 ms  DeleteObjects: 0.015000 ms)

========================================================================
Received Prepare
Registering precompiled user dll's ...
Registered in 0.002357 seconds.
Begin MonoManager ReloadAssembly
Native extension for WindowsStandalone target not found
Native extension for WebGL target not found
Refreshing native plugins compatible for Editor in 0.73 ms, found 1 plugins.
Preloading 0 native plugins for Editor in 0.00 ms.
Mono: successfully reloaded assembly
- Completed reload, in  0.830 seconds
Platform modules already initialized, skipping
Shader 'Universal Render Pipeline/Particles/Lit': fallback shader 'Universal Render Pipeline/Particles/SimpleLit' not found
Refreshing native plugins compatible for Editor in 0.74 ms, found 1 plugins.
Preloading 0 native plugins for Editor in 0.00 ms.
Unloading 2970 Unused Serialized files (Serialized files now loaded: 0)
System memory in use before: 130.5 MB.
System memory in use after: 130.8 MB.

Unloading 12 unused Assets to reduce memory usage. Loaded Objects now: 3561.
Total: 2.152900 ms (FindLiveObjects: 0.275000 ms CreateObjectMapping: 0.195600 ms MarkObjects: 1.665400 ms  DeleteObjects: 0.016100 ms)

========================================================================
Received Import Request.
  Time since last request: 1847.599736 seconds.
  path: Assets/Scripts/Skill.cs
  artifactKey: Guid(2821b7e33e29dde48ad246ac3201c6c9) Importer(815301076,1909f56bfc062723c751e8b465ee728b)
Start importing Assets/Scripts/Skill.cs using Guid(2821b7e33e29dde48ad246ac3201c6c9) Importer(815301076,1909f56bfc062723c751e8b465ee728b)  -> (artifact id: '55d39573b359a6e648f737ba5f882407') in 0.004817 seconds
  Import took 0.009277 seconds .

========================================================================
Received Import Request.
  Time since last request: 0.000700 seconds.
  path: Assets/Scripts/Skill.cs
  artifactKey: Guid(2821b7e33e29dde48ad246ac3201c6c9) Importer(815301076,1909f56bfc062723c751e8b465ee728b)
Start importing Assets/Scripts/Skill.cs using Guid(2821b7e33e29dde48ad246ac3201c6c9) Importer(815301076,1909f56bfc062723c751e8b465ee728b)  -> (artifact id: '55d39573b359a6e648f737ba5f882407') in 0.002056 seconds
  Import took 0.006347 seconds .

========================================================================
Received Import Request.
  Time since last request: 80.465684 seconds.
  path: Assets/Scripts/Skill_Heal.cs
  artifactKey: Guid(41808390132016644b58ee06432de3f0) Importer(815301076,1909f56bfc062723c751e8b465ee728b)
Start importing Assets/Scripts/Skill_Heal.cs using Guid(41808390132016644b58ee06432de3f0) Importer(815301076,1909f56bfc062723c751e8b465ee728b)  -> (artifact id: '5736e4ce3b5a7f68b880e7063083253b') in 0.003298 seconds
  Import took 0.008601 seconds .

========================================================================
Received Import Request.
  Time since last request: 16.195052 seconds.
  path: Assets/Scripts/HealSkill.prefab
  artifactKey: Guid(9608322f2b0c4b4448d3099e443ed127) Importer(815301076,1909f56bfc062723c751e8b465ee728b)
Start importing Assets/Scripts/HealSkill.prefab using Guid(9608322f2b0c4b4448d3099e443ed127) Importer(815301076,1909f56bfc062723c751e8b465ee728b)  -> (artifact id: '3dc1a2f108aa923941be6dfee3d6de00') in 0.048009 seconds
  Import took 0.052589 seconds .

========================================================================
Received Prepare
Registering precompiled user dll's ...
Registered in 0.002412 seconds.
Begin MonoManager ReloadAssembly
Native extension for WindowsStandalone target not found
Native extension for WebGL target not found
Refreshing native plugins compatible for Editor in 0.92 ms, found 1 plugins.
Preloading 0 native plugins for Editor in 0.00 ms.
Mono: successfully reloaded assembly
- Completed reload, in  0.826 seconds
Platform modules already initialized, skipping
Shader 'Universal Render Pipeline/Particles/Lit': fallback shader 'Universal Render Pipeline/Particles/SimpleLit' not found
Refreshing native plugins compatible for Editor in 0.72 ms, found 1 plugins.
Preloading 0 native plugins for Editor in 0.00 ms.
Unloading 2970 Unused Serialized files (Serialized files now loaded: 0)
System memory in use before: 130.6 MB.
System memory in use after: 130.8 MB.

Unloading 12 unused Assets to reduce memory usage. Loaded Objects now: 3566.
Total: 2.244400 ms (FindLiveObjects: 0.262200 ms CreateObjectMapping: 0.120000 ms MarkObjects: 1.844500 ms  DeleteObjects: 0.016800 ms)

========================================================================
Received Import Request.
  Time since last request: 232.232289 seconds.
  path: Assets/Scripts/Character.cs
  artifactKey: Guid(392a6691d5a6a2a4f934a665d2ae13dc) Importer(815301076,1909f56bfc062723c751e8b465ee728b)
Start importing Assets/Scripts/Character.cs using Guid(392a6691d5a6a2a4f934a665d2ae13dc) Importer(815301076,1909f56bfc062723c751e8b465ee728b)  -> (artifact id: '4f7187065fd3460a522a1682b7e19179') in 0.005761 seconds
  Import took 0.010572 seconds .

========================================================================
Received Import Request.
  Time since last request: 0.001181 seconds.
  path: Assets/Scripts/Character.cs
  artifactKey: Guid(392a6691d5a6a2a4f934a665d2ae13dc) Importer(815301076,1909f56bfc062723c751e8b465ee728b)
Start importing Assets/Scripts/Character.cs using Guid(392a6691d5a6a2a4f934a665d2ae13dc) Importer(815301076,1909f56bfc062723c751e8b465ee728b)  -> (artifact id: '4f7187065fd3460a522a1682b7e19179') in 0.001824 seconds
  Import took 0.006959 seconds .

========================================================================
Received Import Request.
  Time since last request: 188.156631 seconds.
  path: Assets/Scripts/Skill_Heal.cs
  artifactKey: Guid(41808390132016644b58ee06432de3f0) Importer(815301076,1909f56bfc062723c751e8b465ee728b)
Start importing Assets/Scripts/Skill_Heal.cs using Guid(41808390132016644b58ee06432de3f0) Importer(815301076,1909f56bfc062723c751e8b465ee728b)  -> (artifact id: '785faeb6c7ad23955ca1ae05f8125baf') in 0.002773 seconds
  Import took 0.007139 seconds .

========================================================================
Received Import Request.
  Time since last request: 0.000506 seconds.
  path: Assets/Scripts/Skill_Heal.cs
  artifactKey: Guid(41808390132016644b58ee06432de3f0) Importer(815301076,1909f56bfc062723c751e8b465ee728b)
Start importing Assets/Scripts/Skill_Heal.cs using Guid(41808390132016644b58ee06432de3f0) Importer(815301076,1909f56bfc062723c751e8b465ee728b)  -> (artifact id: '785faeb6c7ad23955ca1ae05f8125baf') in 0.002783 seconds
  Import took 0.007129 seconds .

========================================================================
Received Import Request.
  Time since last request: 91.846956 seconds.
  path: Assets/Scripts/Skill_Heal.cs
  artifactKey: Guid(41808390132016644b58ee06432de3f0) Importer(815301076,1909f56bfc062723c751e8b465ee728b)
Start importing Assets/Scripts/Skill_Heal.cs using Guid(41808390132016644b58ee06432de3f0) Importer(815301076,1909f56bfc062723c751e8b465ee728b)  -> (artifact id: '4d8e313f9903c2b5d393fb0469270ca9') in 0.002798 seconds
  Import took 0.008432 seconds .

========================================================================
Received Import Request.
  Time since last request: 0.003084 seconds.
  path: Assets/Scripts/Skill_Heal.cs
  artifactKey: Guid(41808390132016644b58ee06432de3f0) Importer(815301076,1909f56bfc062723c751e8b465ee728b)
Start importing Assets/Scripts/Skill_Heal.cs using Guid(41808390132016644b58ee06432de3f0) Importer(815301076,1909f56bfc062723c751e8b465ee728b)  -> (artifact id: '4d8e313f9903c2b5d393fb0469270ca9') in 0.002804 seconds
  Import took 0.007539 seconds .

========================================================================
Received Prepare
Registering precompiled user dll's ...
Registered in 0.002223 seconds.
Begin MonoManager ReloadAssembly
Native extension for WindowsStandalone target not found
Native extension for WebGL target not found
Refreshing native plugins compatible for Editor in 0.87 ms, found 1 plugins.
Preloading 0 native plugins for Editor in 0.00 ms.
Mono: successfully reloaded assembly
- Completed reload, in  0.847 seconds
Platform modules already initialized, skipping
Shader 'Universal Render Pipeline/Particles/Lit': fallback shader 'Universal Render Pipeline/Particles/SimpleLit' not found
Refreshing native plugins compatible for Editor in 0.87 ms, found 1 plugins.
Preloading 0 native plugins for Editor in 0.00 ms.
Unloading 2970 Unused Serialized files (Serialized files now loaded: 0)
System memory in use before: 130.6 MB.
System memory in use after: 130.8 MB.

Unloading 12 unused Assets to reduce memory usage. Loaded Objects now: 3571.
Total: 2.210100 ms (FindLiveObjects: 0.276900 ms CreateObjectMapping: 0.162000 ms MarkObjects: 1.756500 ms  DeleteObjects: 0.013800 ms)

========================================================================
Received Import Request.
  Time since last request: 144.990413 seconds.
  path: Assets/Scripts/Skill_Heal.cs
  artifactKey: Guid(41808390132016644b58ee06432de3f0) Importer(815301076,1909f56bfc062723c751e8b465ee728b)
Start importing Assets/Scripts/Skill_Heal.cs using Guid(41808390132016644b58ee06432de3f0) Importer(815301076,1909f56bfc062723c751e8b465ee728b)  -> (artifact id: '671b088ffc52d651ec88456ab9ea256f') in 0.004814 seconds
  Import took 0.009257 seconds .

========================================================================
Received Import Request.
  Time since last request: 34.718930 seconds.
  path: Assets/Scripts/Skill_Heal.cs
  artifactKey: Guid(41808390132016644b58ee06432de3f0) Importer(815301076,1909f56bfc062723c751e8b465ee728b)
Start importing Assets/Scripts/Skill_Heal.cs using Guid(41808390132016644b58ee06432de3f0) Importer(815301076,1909f56bfc062723c751e8b465ee728b)  -> (artifact id: 'cf1cf36f0a8469263479c1b4d069e19c') in 0.002536 seconds
  Import took 0.007026 seconds .

========================================================================
Received Import Request.
  Time since last request: 0.000409 seconds.
  path: Assets/Scripts/Skill_Heal.cs
  artifactKey: Guid(41808390132016644b58ee06432de3f0) Importer(815301076,1909f56bfc062723c751e8b465ee728b)
Start importing Assets/Scripts/Skill_Heal.cs using Guid(41808390132016644b58ee06432de3f0) Importer(815301076,1909f56bfc062723c751e8b465ee728b)  -> (artifact id: 'cf1cf36f0a8469263479c1b4d069e19c') in 0.002791 seconds
  Import took 0.007079 seconds .

========================================================================
Received Prepare
Registering precompiled user dll's ...
Registered in 0.002211 seconds.
Begin MonoManager ReloadAssembly
Native extension for WindowsStandalone target not found
Native extension for WebGL target not found
Refreshing native plugins compatible for Editor in 0.82 ms, found 1 plugins.
Preloading 0 native plugins for Editor in 0.00 ms.
Mono: successfully reloaded assembly
- Completed reload, in  0.860 seconds
Platform modules already initialized, skipping
Shader 'Universal Render Pipeline/Particles/Lit': fallback shader 'Universal Render Pipeline/Particles/SimpleLit' not found
Refreshing native plugins compatible for Editor in 0.86 ms, found 1 plugins.
Preloading 0 native plugins for Editor in 0.00 ms.
Unloading 2970 Unused Serialized files (Serialized files now loaded: 0)
System memory in use before: 130.6 MB.
System memory in use after: 130.8 MB.

Unloading 12 unused Assets to reduce memory usage. Loaded Objects now: 3576.
Total: 2.812100 ms (FindLiveObjects: 0.301200 ms CreateObjectMapping: 0.301600 ms MarkObjects: 2.177700 ms  DeleteObjects: 0.030600 ms)

========================================================================
Received Import Request.
  Time since last request: 7.496649 seconds.
  path: Assets/Scripts/Skill_Heal.cs
  artifactKey: Guid(41808390132016644b58ee06432de3f0) Importer(815301076,1909f56bfc062723c751e8b465ee728b)
Start importing Assets/Scripts/Skill_Heal.cs using Guid(41808390132016644b58ee06432de3f0) Importer(815301076,1909f56bfc062723c751e8b465ee728b)  -> (artifact id: '9cfeaabd544b6d8089c6d57bdd8208aa') in 0.005381 seconds
  Import took 0.010622 seconds .

========================================================================
Received Prepare
Registering precompiled user dll's ...
Registered in 0.002165 seconds.
Begin MonoManager ReloadAssembly
Native extension for WindowsStandalone target not found
Native extension for WebGL target not found
Refreshing native plugins compatible for Editor in 0.72 ms, found 1 plugins.
Preloading 0 native plugins for Editor in 0.00 ms.
Mono: successfully reloaded assembly
- Completed reload, in  0.791 seconds
Platform modules already initialized, skipping
Shader 'Universal Render Pipeline/Particles/Lit': fallback shader 'Universal Render Pipeline/Particles/SimpleLit' not found
Refreshing native plugins compatible for Editor in 0.79 ms, found 1 plugins.
Preloading 0 native plugins for Editor in 0.00 ms.
Unloading 2970 Unused Serialized files (Serialized files now loaded: 0)
System memory in use before: 130.6 MB.
System memory in use after: 130.8 MB.

Unloading 12 unused Assets to reduce memory usage. Loaded Objects now: 3581.
Total: 2.391500 ms (FindLiveObjects: 0.296200 ms CreateObjectMapping: 0.167400 ms MarkObjects: 1.907200 ms  DeleteObjects: 0.019800 ms)

========================================================================
Received Prepare
Registering precompiled user dll's ...
Registered in 0.002262 seconds.
Begin MonoManager ReloadAssembly
Native extension for WindowsStandalone target not found
Native extension for WebGL target not found
Refreshing native plugins compatible for Editor in 0.88 ms, found 1 plugins.
Preloading 0 native plugins for Editor in 0.00 ms.
Mono: successfully reloaded assembly
- Completed reload, in  0.812 seconds
Platform modules already initialized, skipping
Shader 'Universal Render Pipeline/Particles/Lit': fallback shader 'Universal Render Pipeline/Particles/SimpleLit' not found
Refreshing native plugins compatible for Editor in 0.80 ms, found 1 plugins.
Preloading 0 native plugins for Editor in 0.00 ms.
Unloading 2970 Unused Serialized files (Serialized files now loaded: 0)
System memory in use before: 130.6 MB.
System memory in use after: 130.8 MB.

Unloading 12 unused Assets to reduce memory usage. Loaded Objects now: 3586.
Total: 2.365700 ms (FindLiveObjects: 0.277000 ms CreateObjectMapping: 0.151000 ms MarkObjects: 1.920100 ms  DeleteObjects: 0.016500 ms)

========================================================================
Received Prepare
Registering precompiled user dll's ...
Registered in 0.002343 seconds.
Begin MonoManager ReloadAssembly
Native extension for WindowsStandalone target not found
Native extension for WebGL target not found
Refreshing native plugins compatible for Editor in 0.79 ms, found 1 plugins.
Preloading 0 native plugins for Editor in 0.00 ms.
Mono: successfully reloaded assembly
- Completed reload, in  0.801 seconds
Platform modules already initialized, skipping
Shader 'Universal Render Pipeline/Particles/Lit': fallback shader 'Universal Render Pipeline/Particles/SimpleLit' not found
Refreshing native plugins compatible for Editor in 0.72 ms, found 1 plugins.
Preloading 0 native plugins for Editor in 0.00 ms.
Unloading 2970 Unused Serialized files (Serialized files now loaded: 0)
System memory in use before: 130.6 MB.
System memory in use after: 130.8 MB.

Unloading 12 unused Assets to reduce memory usage. Loaded Objects now: 3591.
Total: 2.130500 ms (FindLiveObjects: 0.259100 ms CreateObjectMapping: 0.158100 ms MarkObjects: 1.698100 ms  DeleteObjects: 0.014600 ms)

========================================================================
Received Import Request.
  Time since last request: 549.670056 seconds.
  path: Assets/Scripts/Character_PixelBot (1).prefab
  artifactKey: Guid(68e063320f5c4cd4199c87f0be821035) Importer(815301076,1909f56bfc062723c751e8b465ee728b)
Start importing Assets/Scripts/Character_PixelBot (1).prefab using Guid(68e063320f5c4cd4199c87f0be821035) Importer(815301076,1909f56bfc062723c751e8b465ee728b)  -> (artifact id: 'd7336a68fdf83890c46488466c4734f6') in 0.205128 seconds
  Import took 0.210276 seconds .

========================================================================
Received Import Request.
  Time since last request: 5.031069 seconds.
  path: Assets/Scripts/HealSkill.prefab
  artifactKey: Guid(9608322f2b0c4b4448d3099e443ed127) Importer(815301076,1909f56bfc062723c751e8b465ee728b)
Start importing Assets/Scripts/HealSkill.prefab using Guid(9608322f2b0c4b4448d3099e443ed127) Importer(815301076,1909f56bfc062723c751e8b465ee728b)  -> (artifact id: 'f82bc541457631aa0c195f5d9904bbf1') in 0.009147 seconds
  Import took 0.013650 seconds .

========================================================================
Received Prepare
Registering precompiled user dll's ...
Registered in 0.002407 seconds.
Begin MonoManager ReloadAssembly
Native extension for WindowsStandalone target not found
Native extension for WebGL target not found
Refreshing native plugins compatible for Editor in 0.76 ms, found 1 plugins.
Preloading 0 native plugins for Editor in 0.00 ms.
Mono: successfully reloaded assembly
- Completed reload, in  0.834 seconds
Platform modules already initialized, skipping
Shader 'Universal Render Pipeline/Particles/Lit': fallback shader 'Universal Render Pipeline/Particles/SimpleLit' not found
Refreshing native plugins compatible for Editor in 0.74 ms, found 1 plugins.
Preloading 0 native plugins for Editor in 0.00 ms.
Unloading 2970 Unused Serialized files (Serialized files now loaded: 0)
System memory in use before: 135.8 MB.
System memory in use after: 136.0 MB.

Unloading 12 unused Assets to reduce memory usage. Loaded Objects now: 3642.
Total: 2.158500 ms (FindLiveObjects: 0.270600 ms CreateObjectMapping: 0.163900 ms MarkObjects: 1.708200 ms  DeleteObjects: 0.015000 ms)

========================================================================
Received Import Request.
  Time since last request: 178.848983 seconds.
  path: Assets/Scripts/Skill_Heal.cs
  artifactKey: Guid(41808390132016644b58ee06432de3f0) Importer(815301076,1909f56bfc062723c751e8b465ee728b)
Start importing Assets/Scripts/Skill_Heal.cs using Guid(41808390132016644b58ee06432de3f0) Importer(815301076,1909f56bfc062723c751e8b465ee728b)  -> (artifact id: '83ffdc8ac473350ce505c86c99f7dfca') in 0.004511 seconds
  Import took 0.009161 seconds .

========================================================================
Received Import Request.
  Time since last request: 93.995650 seconds.
  path: Assets/Scripts/CharaController.cs
  artifactKey: Guid(3c678bec1c74f794d826adf849a36513) Importer(815301076,1909f56bfc062723c751e8b465ee728b)
Start importing Assets/Scripts/CharaController.cs using Guid(3c678bec1c74f794d826adf849a36513) Importer(815301076,1909f56bfc062723c751e8b465ee728b)  -> (artifact id: '3113f9fbd35409e28b0aeb4614f37659') in 0.006915 seconds
  Import took 0.011640 seconds .

========================================================================
Received Prepare
Registering precompiled user dll's ...
Registered in 0.002273 seconds.
Begin MonoManager ReloadAssembly
Native extension for WindowsStandalone target not found
Native extension for WebGL target not found
Refreshing native plugins compatible for Editor in 0.85 ms, found 1 plugins.
Preloading 0 native plugins for Editor in 0.00 ms.
Mono: successfully reloaded assembly
- Completed reload, in  0.916 seconds
Platform modules already initialized, skipping
Shader 'Universal Render Pipeline/Particles/Lit': fallback shader 'Universal Render Pipeline/Particles/SimpleLit' not found
Refreshing native plugins compatible for Editor in 0.77 ms, found 1 plugins.
Preloading 0 native plugins for Editor in 0.00 ms.
Unloading 2970 Unused Serialized files (Serialized files now loaded: 0)
System memory in use before: 135.8 MB.
System memory in use after: 136.1 MB.

Unloading 12 unused Assets to reduce memory usage. Loaded Objects now: 3647.
Total: 2.635400 ms (FindLiveObjects: 0.294500 ms CreateObjectMapping: 0.166800 ms MarkObjects: 2.153200 ms  DeleteObjects: 0.019700 ms)

========================================================================
Received Prepare
Registering precompiled user dll's ...
Registered in 0.002241 seconds.
Begin MonoManager ReloadAssembly
Native extension for WindowsStandalone target not found
Native extension for WebGL target not found
Refreshing native plugins compatible for Editor in 0.77 ms, found 1 plugins.
Preloading 0 native plugins for Editor in 0.00 ms.
Mono: successfully reloaded assembly
- Completed reload, in  0.819 seconds
Platform modules already initialized, skipping
Shader 'Universal Render Pipeline/Particles/Lit': fallback shader 'Universal Render Pipeline/Particles/SimpleLit' not found
Refreshing native plugins compatible for Editor in 0.73 ms, found 1 plugins.
Preloading 0 native plugins for Editor in 0.00 ms.
Unloading 2970 Unused Serialized files (Serialized files now loaded: 0)
System memory in use before: 135.8 MB.
System memory in use after: 136.1 MB.

Unloading 12 unused Assets to reduce memory usage. Loaded Objects now: 3652.
Total: 2.232900 ms (FindLiveObjects: 0.310400 ms CreateObjectMapping: 0.140600 ms MarkObjects: 1.747700 ms  DeleteObjects: 0.033200 ms)

========================================================================
Received Prepare
Registering precompiled user dll's ...
Registered in 0.002217 seconds.
Begin MonoManager ReloadAssembly
Native extension for WindowsStandalone target not found
Native extension for WebGL target not found
Refreshing native plugins compatible for Editor in 0.85 ms, found 1 plugins.
Preloading 0 native plugins for Editor in 0.00 ms.
Mono: successfully reloaded assembly
- Completed reload, in  0.820 seconds
Platform modules already initialized, skipping
Shader 'Universal Render Pipeline/Particles/Lit': fallback shader 'Universal Render Pipeline/Particles/SimpleLit' not found
Refreshing native plugins compatible for Editor in 0.75 ms, found 1 plugins.
Preloading 0 native plugins for Editor in 0.00 ms.
Unloading 2970 Unused Serialized files (Serialized files now loaded: 0)
System memory in use before: 135.8 MB.
System memory in use after: 136.1 MB.

Unloading 12 unused Assets to reduce memory usage. Loaded Objects now: 3657.
Total: 2.237000 ms (FindLiveObjects: 0.270000 ms CreateObjectMapping: 0.157200 ms MarkObjects: 1.771800 ms  DeleteObjects: 0.037100 ms)

========================================================================
Received Prepare
Registering precompiled user dll's ...
Registered in 0.002311 seconds.
Begin MonoManager ReloadAssembly
Native extension for WindowsStandalone target not found
Native extension for WebGL target not found
Refreshing native plugins compatible for Editor in 0.73 ms, found 1 plugins.
Preloading 0 native plugins for Editor in 0.00 ms.
Mono: successfully reloaded assembly
- Completed reload, in  0.834 seconds
Platform modules already initialized, skipping
Shader 'Universal Render Pipeline/Particles/Lit': fallback shader 'Universal Render Pipeline/Particles/SimpleLit' not found
Refreshing native plugins compatible for Editor in 0.75 ms, found 1 plugins.
Preloading 0 native plugins for Editor in 0.00 ms.
Unloading 2970 Unused Serialized files (Serialized files now loaded: 0)
System memory in use before: 135.9 MB.
System memory in use after: 136.1 MB.

Unloading 12 unused Assets to reduce memory usage. Loaded Objects now: 3662.
Total: 2.139300 ms (FindLiveObjects: 0.250900 ms CreateObjectMapping: 0.187400 ms MarkObjects: 1.686400 ms  DeleteObjects: 0.013800 ms)

========================================================================
Received Prepare
Registering precompiled user dll's ...
Registered in 0.002374 seconds.
Begin MonoManager ReloadAssembly
Native extension for WindowsStandalone target not found
Native extension for WebGL target not found
Refreshing native plugins compatible for Editor in 0.73 ms, found 1 plugins.
Preloading 0 native plugins for Editor in 0.00 ms.
Mono: successfully reloaded assembly
- Completed reload, in  0.833 seconds
Platform modules already initialized, skipping
Shader 'Universal Render Pipeline/Particles/Lit': fallback shader 'Universal Render Pipeline/Particles/SimpleLit' not found
Refreshing native plugins compatible for Editor in 0.74 ms, found 1 plugins.
Preloading 0 native plugins for Editor in 0.00 ms.
Unloading 2970 Unused Serialized files (Serialized files now loaded: 0)
System memory in use before: 135.9 MB.
System memory in use after: 136.1 MB.

Unloading 12 unused Assets to reduce memory usage. Loaded Objects now: 3667.
Total: 2.347700 ms (FindLiveObjects: 0.267300 ms CreateObjectMapping: 0.145400 ms MarkObjects: 1.919200 ms  DeleteObjects: 0.015100 ms)

========================================================================
Received Prepare
Registering precompiled user dll's ...
Registered in 0.002567 seconds.
Begin MonoManager ReloadAssembly
Native extension for WindowsStandalone target not found
Native extension for WebGL target not found
Refreshing native plugins compatible for Editor in 0.74 ms, found 1 plugins.
Preloading 0 native plugins for Editor in 0.00 ms.
Mono: successfully reloaded assembly
- Completed reload, in  0.929 seconds
Platform modules already initialized, skipping
Shader 'Universal Render Pipeline/Particles/Lit': fallback shader 'Universal Render Pipeline/Particles/SimpleLit' not found
Refreshing native plugins compatible for Editor in 0.87 ms, found 1 plugins.
Preloading 0 native plugins for Editor in 0.00 ms.
Unloading 2970 Unused Serialized files (Serialized files now loaded: 0)
System memory in use before: 135.6 MB.
System memory in use after: 135.8 MB.

Unloading 12 unused Assets to reduce memory usage. Loaded Objects now: 3672.
Total: 3.276500 ms (FindLiveObjects: 0.425900 ms CreateObjectMapping: 0.227000 ms MarkObjects: 2.597300 ms  DeleteObjects: 0.024300 ms)

========================================================================
Received Prepare
Registering precompiled user dll's ...
Registered in 0.002341 seconds.
Begin MonoManager ReloadAssembly
Native extension for WindowsStandalone target not found
Native extension for WebGL target not found
Refreshing native plugins compatible for Editor in 1.21 ms, found 1 plugins.
Preloading 0 native plugins for Editor in 0.00 ms.
Mono: successfully reloaded assembly
- Completed reload, in  0.880 seconds
Platform modules already initialized, skipping
Shader 'Universal Render Pipeline/Particles/Lit': fallback shader 'Universal Render Pipeline/Particles/SimpleLit' not found
Refreshing native plugins compatible for Editor in 0.73 ms, found 1 plugins.
Preloading 0 native plugins for Editor in 0.00 ms.
Unloading 2970 Unused Serialized files (Serialized files now loaded: 0)
System memory in use before: 135.9 MB.
System memory in use after: 136.1 MB.

Unloading 12 unused Assets to reduce memory usage. Loaded Objects now: 3677.
Total: 2.147100 ms (FindLiveObjects: 0.270300 ms CreateObjectMapping: 0.131600 ms MarkObjects: 1.731600 ms  DeleteObjects: 0.013100 ms)

========================================================================
Received Prepare
Registering precompiled user dll's ...
Registered in 0.002214 seconds.
Begin MonoManager ReloadAssembly
Native extension for WindowsStandalone target not found
Native extension for WebGL target not found
Refreshing native plugins compatible for Editor in 0.71 ms, found 1 plugins.
Preloading 0 native plugins for Editor in 0.00 ms.
Mono: successfully reloaded assembly
- Completed reload, in  0.815 seconds
Platform modules already initialized, skipping
Shader 'Universal Render Pipeline/Particles/Lit': fallback shader 'Universal Render Pipeline/Particles/SimpleLit' not found
Refreshing native plugins compatible for Editor in 0.74 ms, found 1 plugins.
Preloading 0 native plugins for Editor in 0.00 ms.
Unloading 2970 Unused Serialized files (Serialized files now loaded: 0)
System memory in use before: 135.9 MB.
System memory in use after: 136.1 MB.

Unloading 12 unused Assets to reduce memory usage. Loaded Objects now: 3682.
Total: 2.144200 ms (FindLiveObjects: 0.282800 ms CreateObjectMapping: 0.151300 ms MarkObjects: 1.693700 ms  DeleteObjects: 0.015700 ms)

========================================================================
Received Import Request.
  Time since last request: 5095.976384 seconds.
  path: Assets/Scripts/Skill.cs
  artifactKey: Guid(2821b7e33e29dde48ad246ac3201c6c9) Importer(815301076,1909f56bfc062723c751e8b465ee728b)
Start importing Assets/Scripts/Skill.cs using Guid(2821b7e33e29dde48ad246ac3201c6c9) Importer(815301076,1909f56bfc062723c751e8b465ee728b)  -> (artifact id: '1c668c9b188752e41cb7bad7ab2b514a') in 0.009794 seconds
  Import took 0.014431 seconds .

========================================================================
Received Import Request.
  Time since last request: 9.683012 seconds.
  path: Assets/Scripts/SkillController.cs
  artifactKey: Guid(2821b7e33e29dde48ad246ac3201c6c9) Importer(815301076,1909f56bfc062723c751e8b465ee728b)
Start importing Assets/Scripts/SkillController.cs using Guid(2821b7e33e29dde48ad246ac3201c6c9) Importer(815301076,1909f56bfc062723c751e8b465ee728b)  -> (artifact id: '7eee0f781b6e9d0cceca118f2c5a283a') in 0.006910 seconds
  Import took 0.011759 seconds .

========================================================================
Received Import Request.
  Time since last request: 0.000323 seconds.
  path: Assets/Scripts/SkillController.cs
  artifactKey: Guid(2821b7e33e29dde48ad246ac3201c6c9) Importer(815301076,1909f56bfc062723c751e8b465ee728b)
Start importing Assets/Scripts/SkillController.cs using Guid(2821b7e33e29dde48ad246ac3201c6c9) Importer(815301076,1909f56bfc062723c751e8b465ee728b)  -> (artifact id: '7eee0f781b6e9d0cceca118f2c5a283a') in 0.003122 seconds
  Import took 0.007860 seconds .

========================================================================
Received Import Request.
  Time since last request: 12.831794 seconds.
  path: Assets/Scripts/Skill.cs
  artifactKey: Guid(c0b3961bc1975b0408c0d22286a5a19c) Importer(815301076,1909f56bfc062723c751e8b465ee728b)
Start importing Assets/Scripts/Skill.cs using Guid(c0b3961bc1975b0408c0d22286a5a19c) Importer(815301076,1909f56bfc062723c751e8b465ee728b)  -> (artifact id: '86ef0dc284c88053477cc705bcddc5fc') in 0.002672 seconds
  Import took 0.006988 seconds .

========================================================================
Received Import Request.
  Time since last request: 95.633066 seconds.
  path: Assets/Scripts/Skill.cs
  artifactKey: Guid(c0b3961bc1975b0408c0d22286a5a19c) Importer(815301076,1909f56bfc062723c751e8b465ee728b)
Start importing Assets/Scripts/Skill.cs using Guid(c0b3961bc1975b0408c0d22286a5a19c) Importer(815301076,1909f56bfc062723c751e8b465ee728b)  -> (artifact id: 'db99f87e888a495203e5f09288600546') in 0.002457 seconds
  Import took 0.007075 seconds .

========================================================================
Received Import Request.
  Time since last request: 0.022401 seconds.
  path: Assets/Scripts/HealSkill.prefab
  artifactKey: Guid(9608322f2b0c4b4448d3099e443ed127) Importer(815301076,1909f56bfc062723c751e8b465ee728b)
Start importing Assets/Scripts/HealSkill.prefab using Guid(9608322f2b0c4b4448d3099e443ed127) Importer(815301076,1909f56bfc062723c751e8b465ee728b)  -> (artifact id: 'fe153be1e62c40dbe236989da7d751ca') in 0.091258 seconds
  Import took 0.096273 seconds .

========================================================================
Received Prepare
Registering precompiled user dll's ...
Registered in 0.003080 seconds.
Begin MonoManager ReloadAssembly
Native extension for WindowsStandalone target not found
Native extension for WebGL target not found
Refreshing native plugins compatible for Editor in 0.71 ms, found 1 plugins.
Preloading 0 native plugins for Editor in 0.00 ms.
Mono: successfully reloaded assembly
- Completed reload, in  0.816 seconds
Platform modules already initialized, skipping
Shader 'Universal Render Pipeline/Particles/Lit': fallback shader 'Universal Render Pipeline/Particles/SimpleLit' not found
Refreshing native plugins compatible for Editor in 0.73 ms, found 1 plugins.
Preloading 0 native plugins for Editor in 0.00 ms.
Unloading 2971 Unused Serialized files (Serialized files now loaded: 0)
System memory in use before: 136.1 MB.
System memory in use after: 136.3 MB.

Unloading 12 unused Assets to reduce memory usage. Loaded Objects now: 3688.
Total: 2.298600 ms (FindLiveObjects: 0.260500 ms CreateObjectMapping: 0.143800 ms MarkObjects: 1.879000 ms  DeleteObjects: 0.014300 ms)

========================================================================
Received Prepare
Registering precompiled user dll's ...
Registered in 0.002186 seconds.
Begin MonoManager ReloadAssembly
Native extension for WindowsStandalone target not found
Native extension for WebGL target not found
Refreshing native plugins compatible for Editor in 0.81 ms, found 1 plugins.
Preloading 0 native plugins for Editor in 0.00 ms.
Mono: successfully reloaded assembly
- Completed reload, in  0.851 seconds
Platform modules already initialized, skipping
Shader 'Universal Render Pipeline/Particles/Lit': fallback shader 'Universal Render Pipeline/Particles/SimpleLit' not found
Refreshing native plugins compatible for Editor in 0.74 ms, found 1 plugins.
Preloading 0 native plugins for Editor in 0.00 ms.
Unloading 2971 Unused Serialized files (Serialized files now loaded: 0)
System memory in use before: 136.1 MB.
System memory in use after: 136.3 MB.

Unloading 12 unused Assets to reduce memory usage. Loaded Objects now: 3693.
Total: 2.312900 ms (FindLiveObjects: 0.314100 ms CreateObjectMapping: 0.140700 ms MarkObjects: 1.840600 ms  DeleteObjects: 0.016300 ms)

========================================================================
Received Prepare
Registering precompiled user dll's ...
Registered in 0.002172 seconds.
Begin MonoManager ReloadAssembly
Native extension for WindowsStandalone target not found
Native extension for WebGL target not found
Refreshing native plugins compatible for Editor in 0.74 ms, found 1 plugins.
Preloading 0 native plugins for Editor in 0.00 ms.
Mono: successfully reloaded assembly
- Completed reload, in  0.856 seconds
Platform modules already initialized, skipping
Shader 'Universal Render Pipeline/Particles/Lit': fallback shader 'Universal Render Pipeline/Particles/SimpleLit' not found
Refreshing native plugins compatible for Editor in 0.75 ms, found 1 plugins.
Preloading 0 native plugins for Editor in 0.00 ms.
Unloading 2971 Unused Serialized files (Serialized files now loaded: 0)
System memory in use before: 136.1 MB.
System memory in use after: 136.3 MB.

Unloading 12 unused Assets to reduce memory usage. Loaded Objects now: 3698.
Total: 2.410500 ms (FindLiveObjects: 0.272500 ms CreateObjectMapping: 0.139800 ms MarkObjects: 1.968000 ms  DeleteObjects: 0.029400 ms)

========================================================================
Received Prepare
Registering precompiled user dll's ...
Registered in 0.002168 seconds.
Begin MonoManager ReloadAssembly
Native extension for WindowsStandalone target not found
Native extension for WebGL target not found
Refreshing native plugins compatible for Editor in 0.74 ms, found 1 plugins.
Preloading 0 native plugins for Editor in 0.00 ms.
Mono: successfully reloaded assembly
- Completed reload, in  0.819 seconds
Platform modules already initialized, skipping
Shader 'Universal Render Pipeline/Particles/Lit': fallback shader 'Universal Render Pipeline/Particles/SimpleLit' not found
Refreshing native plugins compatible for Editor in 0.77 ms, found 1 plugins.
Preloading 0 native plugins for Editor in 0.00 ms.
Unloading 2971 Unused Serialized files (Serialized files now loaded: 0)
System memory in use before: 136.0 MB.
System memory in use after: 136.2 MB.

Unloading 12 unused Assets to reduce memory usage. Loaded Objects now: 3703.
Total: 2.213900 ms (FindLiveObjects: 0.262100 ms CreateObjectMapping: 0.162200 ms MarkObjects: 1.775200 ms  DeleteObjects: 0.013500 ms)

========================================================================
Received Import Request.
  Time since last request: 255.263179 seconds.
  path: Assets
  artifactKey: Guid(00000000000000001000000000000000) Importer(815301076,1909f56bfc062723c751e8b465ee728b)
Start importing Assets using Guid(00000000000000001000000000000000) Importer(815301076,1909f56bfc062723c751e8b465ee728b)  -> (artifact id: '42d402b061de3733987d63b9cc3b64de') in 0.008562 seconds
  Import took 0.013627 seconds .

========================================================================
Received Import Request.
  Time since last request: 4.949808 seconds.
  path: Assets/Skills
  artifactKey: Guid(b1f5320557c9ed241bd4339de665a231) Importer(815301076,1909f56bfc062723c751e8b465ee728b)
Start importing Assets/Skills using Guid(b1f5320557c9ed241bd4339de665a231) Importer(815301076,1909f56bfc062723c751e8b465ee728b)  -> (artifact id: 'fcc1495fd08d95804d65354dab3a5df6') in 0.006171 seconds
  Import took 0.010908 seconds .

========================================================================
Received Import Request.
  Time since last request: 0.001317 seconds.
  path: Assets/Skills
  artifactKey: Guid(b1f5320557c9ed241bd4339de665a231) Importer(815301076,1909f56bfc062723c751e8b465ee728b)
Start importing Assets/Skills using Guid(b1f5320557c9ed241bd4339de665a231) Importer(815301076,1909f56bfc062723c751e8b465ee728b)  -> (artifact id: 'fcc1495fd08d95804d65354dab3a5df6') in 0.002706 seconds
  Import took 0.007135 seconds .

========================================================================
Received Prepare
Registering precompiled user dll's ...
Registered in 0.041807 seconds.
Begin MonoManager ReloadAssembly
Native extension for WindowsStandalone target not found
Native extension for WebGL target not found
Refreshing native plugins compatible for Editor in 0.85 ms, found 1 plugins.
Preloading 0 native plugins for Editor in 0.00 ms.
Mono: successfully reloaded assembly
- Completed reload, in  1.090 seconds
Platform modules already initialized, skipping
Shader 'Universal Render Pipeline/Particles/Lit': fallback shader 'Universal Render Pipeline/Particles/SimpleLit' not found
Refreshing native plugins compatible for Editor in 0.95 ms, found 1 plugins.
Preloading 0 native plugins for Editor in 0.00 ms.
Unloading 2971 Unused Serialized files (Serialized files now loaded: 0)
System memory in use before: 136.0 MB.
System memory in use after: 136.2 MB.

Unloading 12 unused Assets to reduce memory usage. Loaded Objects now: 3708.
Total: 2.945700 ms (FindLiveObjects: 0.349600 ms CreateObjectMapping: 0.153500 ms MarkObjects: 2.399700 ms  DeleteObjects: 0.042000 ms)

========================================================================
Received Prepare
Registering precompiled user dll's ...
Registered in 0.004060 seconds.
Begin MonoManager ReloadAssembly
Native extension for WindowsStandalone target not found
Native extension for WebGL target not found
Refreshing native plugins compatible for Editor in 0.81 ms, found 1 plugins.
Preloading 0 native plugins for Editor in 0.00 ms.
Mono: successfully reloaded assembly
- Completed reload, in  0.933 seconds
Platform modules already initialized, skipping
Shader 'Universal Render Pipeline/Particles/Lit': fallback shader 'Universal Render Pipeline/Particles/SimpleLit' not found
Refreshing native plugins compatible for Editor in 1.11 ms, found 1 plugins.
Preloading 0 native plugins for Editor in 0.00 ms.
Unloading 2971 Unused Serialized files (Serialized files now loaded: 0)
System memory in use before: 135.8 MB.
System memory in use after: 136.1 MB.

Unloading 12 unused Assets to reduce memory usage. Loaded Objects now: 3713.
Total: 2.578000 ms (FindLiveObjects: 0.333400 ms CreateObjectMapping: 0.166600 ms MarkObjects: 2.058600 ms  DeleteObjects: 0.018400 ms)

========================================================================
Received Prepare
Registering precompiled user dll's ...
Registered in 0.002317 seconds.
Begin MonoManager ReloadAssembly
Native extension for WindowsStandalone target not found
Native extension for WebGL target not found
Refreshing native plugins compatible for Editor in 0.87 ms, found 1 plugins.
Preloading 0 native plugins for Editor in 0.00 ms.
Mono: successfully reloaded assembly
- Completed reload, in  0.881 seconds
Platform modules already initialized, skipping
Shader 'Universal Render Pipeline/Particles/Lit': fallback shader 'Universal Render Pipeline/Particles/SimpleLit' not found
Refreshing native plugins compatible for Editor in 0.76 ms, found 1 plugins.
Preloading 0 native plugins for Editor in 0.00 ms.
Unloading 2971 Unused Serialized files (Serialized files now loaded: 0)
System memory in use before: 136.0 MB.
System memory in use after: 136.2 MB.

Unloading 12 unused Assets to reduce memory usage. Loaded Objects now: 3718.
Total: 2.286100 ms (FindLiveObjects: 0.318200 ms CreateObjectMapping: 0.153900 ms MarkObjects: 1.798100 ms  DeleteObjects: 0.015000 ms)

========================================================================
Received Import Request.
  Time since last request: 91068.934380 seconds.
  path: Assets/Scripts/Skill_Heal.cs
  artifactKey: Guid(41808390132016644b58ee06432de3f0) Importer(815301076,1909f56bfc062723c751e8b465ee728b)
Start importing Assets/Scripts/Skill_Heal.cs using Guid(41808390132016644b58ee06432de3f0) Importer(815301076,1909f56bfc062723c751e8b465ee728b)  -> (artifact id: '10ad43ce633191242255a9dfd379a35f') in 0.008535 seconds
  Import took 0.013613 seconds .

========================================================================
Received Prepare
Registering precompiled user dll's ...
Registered in 0.002281 seconds.
Begin MonoManager ReloadAssembly
Native extension for WindowsStandalone target not found
Native extension for WebGL target not found
Refreshing native plugins compatible for Editor in 0.90 ms, found 1 plugins.
Preloading 0 native plugins for Editor in 0.00 ms.
Mono: successfully reloaded assembly
- Completed reload, in  0.893 seconds
Platform modules already initialized, skipping
Shader 'Universal Render Pipeline/Particles/Lit': fallback shader 'Universal Render Pipeline/Particles/SimpleLit' not found
Refreshing native plugins compatible for Editor in 0.80 ms, found 1 plugins.
Preloading 0 native plugins for Editor in 0.00 ms.
Unloading 2971 Unused Serialized files (Serialized files now loaded: 0)
System memory in use before: 135.7 MB.
System memory in use after: 135.9 MB.

Unloading 12 unused Assets to reduce memory usage. Loaded Objects now: 3723.
Total: 2.169300 ms (FindLiveObjects: 0.263000 ms CreateObjectMapping: 0.145800 ms MarkObjects: 1.747500 ms  DeleteObjects: 0.012300 ms)

========================================================================
Received Prepare
Registering precompiled user dll's ...
Registered in 0.002214 seconds.
Begin MonoManager ReloadAssembly
Native extension for WindowsStandalone target not found
Native extension for WebGL target not found
Refreshing native plugins compatible for Editor in 0.87 ms, found 1 plugins.
Preloading 0 native plugins for Editor in 0.00 ms.
Mono: successfully reloaded assembly
- Completed reload, in  0.846 seconds
Platform modules already initialized, skipping
Shader 'Universal Render Pipeline/Particles/Lit': fallback shader 'Universal Render Pipeline/Particles/SimpleLit' not found
Refreshing native plugins compatible for Editor in 0.77 ms, found 1 plugins.
Preloading 0 native plugins for Editor in 0.00 ms.
Unloading 2971 Unused Serialized files (Serialized files now loaded: 0)
System memory in use before: 136.0 MB.
System memory in use after: 136.2 MB.

Unloading 12 unused Assets to reduce memory usage. Loaded Objects now: 3728.
Total: 2.228100 ms (FindLiveObjects: 0.262900 ms CreateObjectMapping: 0.122100 ms MarkObjects: 1.810400 ms  DeleteObjects: 0.032000 ms)

========================================================================
Received Import Request.
  Time since last request: 156.999846 seconds.
  path: Assets/Scripts/Weapon.cs
  artifactKey: Guid(f8321ffe0e2953340b249e8318487fb8) Importer(815301076,1909f56bfc062723c751e8b465ee728b)
Start importing Assets/Scripts/Weapon.cs using Guid(f8321ffe0e2953340b249e8318487fb8) Importer(815301076,1909f56bfc062723c751e8b465ee728b)  -> (artifact id: '491b44096fb197296273685d2835e826') in 0.009821 seconds
  Import took 0.016151 seconds .

========================================================================
Received Import Request.
  Time since last request: 0.001052 seconds.
  path: Assets/Scripts/Weapon.cs
  artifactKey: Guid(f8321ffe0e2953340b249e8318487fb8) Importer(815301076,1909f56bfc062723c751e8b465ee728b)
Start importing Assets/Scripts/Weapon.cs using Guid(f8321ffe0e2953340b249e8318487fb8) Importer(815301076,1909f56bfc062723c751e8b465ee728b)  -> (artifact id: '491b44096fb197296273685d2835e826') in 0.001923 seconds
  Import took 0.007117 seconds .

========================================================================
Received Prepare
Registering precompiled user dll's ...
Registered in 0.002188 seconds.
Begin MonoManager ReloadAssembly
Native extension for WindowsStandalone target not found
Native extension for WebGL target not found
Refreshing native plugins compatible for Editor in 0.76 ms, found 1 plugins.
Preloading 0 native plugins for Editor in 0.00 ms.
Mono: successfully reloaded assembly
- Completed reload, in  0.859 seconds
Platform modules already initialized, skipping
Shader 'Universal Render Pipeline/Particles/Lit': fallback shader 'Universal Render Pipeline/Particles/SimpleLit' not found
Refreshing native plugins compatible for Editor in 0.91 ms, found 1 plugins.
Preloading 0 native plugins for Editor in 0.00 ms.
Unloading 2972 Unused Serialized files (Serialized files now loaded: 0)
System memory in use before: 136.2 MB.
System memory in use after: 136.4 MB.

Unloading 12 unused Assets to reduce memory usage. Loaded Objects now: 3734.
Total: 2.656400 ms (FindLiveObjects: 0.297200 ms CreateObjectMapping: 0.149500 ms MarkObjects: 2.188800 ms  DeleteObjects: 0.020200 ms)

========================================================================
Received Import Request.
  Time since last request: 130.856490 seconds.
  path: Assets/Scripts/CharaController.cs
  artifactKey: Guid(3c678bec1c74f794d826adf849a36513) Importer(815301076,1909f56bfc062723c751e8b465ee728b)
Start importing Assets/Scripts/CharaController.cs using Guid(3c678bec1c74f794d826adf849a36513) Importer(815301076,1909f56bfc062723c751e8b465ee728b)  -> (artifact id: 'b5cbbba03aa02bcb5492877a2f6246ce') in 0.010805 seconds
  Import took 0.016067 seconds .

========================================================================
Received Prepare
Registering precompiled user dll's ...
Registered in 0.002205 seconds.
Begin MonoManager ReloadAssembly
Native extension for WindowsStandalone target not found
Native extension for WebGL target not found
Refreshing native plugins compatible for Editor in 0.73 ms, found 1 plugins.
Preloading 0 native plugins for Editor in 0.00 ms.
Mono: successfully reloaded assembly
- Completed reload, in  0.833 seconds
Platform modules already initialized, skipping
Shader 'Universal Render Pipeline/Particles/Lit': fallback shader 'Universal Render Pipeline/Particles/SimpleLit' not found
Refreshing native plugins compatible for Editor in 0.72 ms, found 1 plugins.
Preloading 0 native plugins for Editor in 0.00 ms.
Unloading 2972 Unused Serialized files (Serialized files now loaded: 0)
System memory in use before: 136.0 MB.
System memory in use after: 136.3 MB.

Unloading 12 unused Assets to reduce memory usage. Loaded Objects now: 3739.
Total: 2.623300 ms (FindLiveObjects: 0.364200 ms CreateObjectMapping: 0.199400 ms MarkObjects: 2.041600 ms  DeleteObjects: 0.017200 ms)

========================================================================
Received Prepare
Registering precompiled user dll's ...
Registered in 0.002342 seconds.
Begin MonoManager ReloadAssembly
Native extension for WindowsStandalone target not found
Native extension for WebGL target not found
Refreshing native plugins compatible for Editor in 1.05 ms, found 1 plugins.
Preloading 0 native plugins for Editor in 0.00 ms.
Mono: successfully reloaded assembly
- Completed reload, in  0.886 seconds
Platform modules already initialized, skipping
Shader 'Universal Render Pipeline/Particles/Lit': fallback shader 'Universal Render Pipeline/Particles/SimpleLit' not found
Refreshing native plugins compatible for Editor in 0.86 ms, found 1 plugins.
Preloading 0 native plugins for Editor in 0.00 ms.
Unloading 2972 Unused Serialized files (Serialized files now loaded: 0)
System memory in use before: 136.1 MB.
System memory in use after: 136.3 MB.

Unloading 12 unused Assets to reduce memory usage. Loaded Objects now: 3744.
Total: 2.975000 ms (FindLiveObjects: 0.678500 ms CreateObjectMapping: 0.395100 ms MarkObjects: 1.870900 ms  DeleteObjects: 0.029700 ms)

========================================================================
Received Import Request.
  Time since last request: 2186.389386 seconds.
  path: Assets/Scripts/Weapon.cs
  artifactKey: Guid(f8321ffe0e2953340b249e8318487fb8) Importer(815301076,1909f56bfc062723c751e8b465ee728b)
Start importing Assets/Scripts/Weapon.cs using Guid(f8321ffe0e2953340b249e8318487fb8) Importer(815301076,1909f56bfc062723c751e8b465ee728b)  -> (artifact id: '4136ffef8549a0f4a2ff4853aa807043') in 0.008560 seconds
  Import took 0.013549 seconds .

========================================================================
Received Prepare
Registering precompiled user dll's ...
Registered in 0.002185 seconds.
Begin MonoManager ReloadAssembly
Native extension for WindowsStandalone target not found
Native extension for WebGL target not found
Refreshing native plugins compatible for Editor in 0.72 ms, found 1 plugins.
Preloading 0 native plugins for Editor in 0.00 ms.
Mono: successfully reloaded assembly
- Completed reload, in  0.832 seconds
Platform modules already initialized, skipping
Shader 'Universal Render Pipeline/Particles/Lit': fallback shader 'Universal Render Pipeline/Particles/SimpleLit' not found
Refreshing native plugins compatible for Editor in 0.72 ms, found 1 plugins.
Preloading 0 native plugins for Editor in 0.00 ms.
Unloading 2972 Unused Serialized files (Serialized files now loaded: 0)
System memory in use before: 136.1 MB.
System memory in use after: 136.3 MB.

Unloading 12 unused Assets to reduce memory usage. Loaded Objects now: 3749.
Total: 2.286100 ms (FindLiveObjects: 0.251100 ms CreateObjectMapping: 0.130000 ms MarkObjects: 1.891400 ms  DeleteObjects: 0.012800 ms)

========================================================================
Received Import Request.
  Time since last request: 1102.994099 seconds.
  path: Assets/Scripts/Weapon.cs
  artifactKey: Guid(f8321ffe0e2953340b249e8318487fb8) Importer(815301076,1909f56bfc062723c751e8b465ee728b)
Start importing Assets/Scripts/Weapon.cs using Guid(f8321ffe0e2953340b249e8318487fb8) Importer(815301076,1909f56bfc062723c751e8b465ee728b)  -> (artifact id: 'c2c1628cf2c7d490b43df308104bd4cc') in 0.005779 seconds
  Import took 0.010453 seconds .

========================================================================
Received Import Request.
  Time since last request: 606.732321 seconds.
  path: Assets/Sprites
  artifactKey: Guid(52bbe38734f6b1d41b19d716ef7d5873) Importer(815301076,1909f56bfc062723c751e8b465ee728b)
Start importing Assets/Sprites using Guid(52bbe38734f6b1d41b19d716ef7d5873) Importer(815301076,1909f56bfc062723c751e8b465ee728b)  -> (artifact id: '4b1527469e005ed280a390ea167dcb45') in 0.005784 seconds
  Import took 0.011525 seconds .

========================================================================
Received Import Request.
  Time since last request: 2461.025767 seconds.
  path: Assets/Sprites/Capsule.png
  artifactKey: Guid(da49628413c71a64d81b06bd5ed0d9b2) Importer(815301076,1909f56bfc062723c751e8b465ee728b)
Start importing Assets/Sprites/Capsule.png using Guid(da49628413c71a64d81b06bd5ed0d9b2) Importer(815301076,1909f56bfc062723c751e8b465ee728b)  -> (artifact id: '5c991bc842f5941196f018deb896d074') in 0.507300 seconds
  Import took 0.513807 seconds .

========================================================================
Received Import Request.
  Time since last request: 7.900837 seconds.
  path: Assets/Sprites/Capsule.png
  artifactKey: Guid(da49628413c71a64d81b06bd5ed0d9b2) Importer(815301076,1909f56bfc062723c751e8b465ee728b)
Start importing Assets/Sprites/Capsule.png using Guid(da49628413c71a64d81b06bd5ed0d9b2) Importer(815301076,1909f56bfc062723c751e8b465ee728b)  -> (artifact id: '1e80c0864c7772a73c01118cdd0cf1d0') in 0.012496 seconds
  Import took 0.017722 seconds .

========================================================================
Received Import Request.
  Time since last request: 14.358075 seconds.
  path: Assets/Sprites/Square.png
  artifactKey: Guid(47a990caa446c4944b0d4484e13095fd) Importer(815301076,1909f56bfc062723c751e8b465ee728b)
Start importing Assets/Sprites/Square.png using Guid(47a990caa446c4944b0d4484e13095fd) Importer(815301076,1909f56bfc062723c751e8b465ee728b)  -> (artifact id: '8946e98f91187c518a7ad517ae7b7b9d') in 0.012872 seconds
  Import took 0.017540 seconds .

========================================================================
Received Prepare
Registering precompiled user dll's ...
Registered in 0.002413 seconds.
Begin MonoManager ReloadAssembly
Native extension for WindowsStandalone target not found
Native extension for WebGL target not found
Refreshing native plugins compatible for Editor in 0.73 ms, found 1 plugins.
Preloading 0 native plugins for Editor in 0.00 ms.
Mono: successfully reloaded assembly
- Completed reload, in  0.984 seconds
Platform modules already initialized, skipping
Shader 'Universal Render Pipeline/Particles/Lit': fallback shader 'Universal Render Pipeline/Particles/SimpleLit' not found
Refreshing native plugins compatible for Editor in 0.73 ms, found 1 plugins.
Preloading 0 native plugins for Editor in 0.00 ms.
Unloading 2972 Unused Serialized files (Serialized files now loaded: 0)
System memory in use before: 136.2 MB.
System memory in use after: 136.5 MB.

Unloading 12 unused Assets to reduce memory usage. Loaded Objects now: 3761.
Total: 2.586300 ms (FindLiveObjects: 0.295100 ms CreateObjectMapping: 0.151700 ms MarkObjects: 2.100600 ms  DeleteObjects: 0.038100 ms)

========================================================================
Received Prepare
Registering precompiled user dll's ...
Registered in 0.002595 seconds.
Begin MonoManager ReloadAssembly
Native extension for WindowsStandalone target not found
Native extension for WebGL target not found
Refreshing native plugins compatible for Editor in 1.08 ms, found 1 plugins.
Preloading 0 native plugins for Editor in 0.00 ms.
Mono: successfully reloaded assembly
- Completed reload, in  0.937 seconds
Platform modules already initialized, skipping
Shader 'Universal Render Pipeline/Particles/Lit': fallback shader 'Universal Render Pipeline/Particles/SimpleLit' not found
Refreshing native plugins compatible for Editor in 0.75 ms, found 1 plugins.
Preloading 0 native plugins for Editor in 0.00 ms.
Unloading 2972 Unused Serialized files (Serialized files now loaded: 0)
System memory in use before: 136.2 MB.
System memory in use after: 136.5 MB.

Unloading 12 unused Assets to reduce memory usage. Loaded Objects now: 3766.
Total: 2.546000 ms (FindLiveObjects: 0.308900 ms CreateObjectMapping: 0.148900 ms MarkObjects: 2.071800 ms  DeleteObjects: 0.015100 ms)

========================================================================
Received Prepare
Registering precompiled user dll's ...
Registered in 0.002402 seconds.
Begin MonoManager ReloadAssembly
Native extension for WindowsStandalone target not found
Native extension for WebGL target not found
Refreshing native plugins compatible for Editor in 0.72 ms, found 1 plugins.
Preloading 0 native plugins for Editor in 0.00 ms.
Mono: successfully reloaded assembly
- Completed reload, in  0.861 seconds
Platform modules already initialized, skipping
Shader 'Universal Render Pipeline/Particles/Lit': fallback shader 'Universal Render Pipeline/Particles/SimpleLit' not found
Refreshing native plugins compatible for Editor in 0.73 ms, found 1 plugins.
Preloading 0 native plugins for Editor in 0.00 ms.
Unloading 2972 Unused Serialized files (Serialized files now loaded: 0)
System memory in use before: 136.1 MB.
System memory in use after: 136.3 MB.

Unloading 12 unused Assets to reduce memory usage. Loaded Objects now: 3771.
Total: 2.254400 ms (FindLiveObjects: 0.285900 ms CreateObjectMapping: 0.129000 ms MarkObjects: 1.825600 ms  DeleteObjects: 0.013200 ms)

========================================================================
Received Prepare
Registering precompiled user dll's ...
Registered in 0.002471 seconds.
Begin MonoManager ReloadAssembly
Native extension for WindowsStandalone target not found
Native extension for WebGL target not found
Refreshing native plugins compatible for Editor in 0.74 ms, found 1 plugins.
Preloading 0 native plugins for Editor in 0.00 ms.
Mono: successfully reloaded assembly
- Completed reload, in  0.890 seconds
Platform modules already initialized, skipping
Shader 'Universal Render Pipeline/Particles/Lit': fallback shader 'Universal Render Pipeline/Particles/SimpleLit' not found
Refreshing native plugins compatible for Editor in 0.73 ms, found 1 plugins.
Preloading 0 native plugins for Editor in 0.00 ms.
Unloading 2972 Unused Serialized files (Serialized files now loaded: 0)
System memory in use before: 136.3 MB.
System memory in use after: 136.5 MB.

Unloading 12 unused Assets to reduce memory usage. Loaded Objects now: 3776.
Total: 2.525900 ms (FindLiveObjects: 0.273600 ms CreateObjectMapping: 0.200800 ms MarkObjects: 1.999500 ms  DeleteObjects: 0.051400 ms)

========================================================================
Received Prepare
Registering precompiled user dll's ...
Registered in 0.002337 seconds.
Begin MonoManager ReloadAssembly
Native extension for WindowsStandalone target not found
Native extension for WebGL target not found
Refreshing native plugins compatible for Editor in 0.72 ms, found 1 plugins.
Preloading 0 native plugins for Editor in 0.00 ms.
Mono: successfully reloaded assembly
- Completed reload, in  0.848 seconds
Platform modules already initialized, skipping
Shader 'Universal Render Pipeline/Particles/Lit': fallback shader 'Universal Render Pipeline/Particles/SimpleLit' not found
Refreshing native plugins compatible for Editor in 0.72 ms, found 1 plugins.
Preloading 0 native plugins for Editor in 0.00 ms.
Unloading 2972 Unused Serialized files (Serialized files now loaded: 0)
System memory in use before: 136.1 MB.
System memory in use after: 136.4 MB.

Unloading 12 unused Assets to reduce memory usage. Loaded Objects now: 3781.
Total: 2.155500 ms (FindLiveObjects: 0.279700 ms CreateObjectMapping: 0.140400 ms MarkObjects: 1.722000 ms  DeleteObjects: 0.012300 ms)

========================================================================
Received Prepare
Registering precompiled user dll's ...
Registered in 0.007201 seconds.
Begin MonoManager ReloadAssembly
Native extension for WindowsStandalone target not found
Native extension for WebGL target not found
Refreshing native plugins compatible for Editor in 0.82 ms, found 3 plugins.
Preloading 0 native plugins for Editor in 0.00 ms.
Mono: successfully reloaded assembly
- Completed reload, in  0.879 seconds
Platform modules already initialized, skipping
Shader 'Universal Render Pipeline/Particles/Lit': fallback shader 'Universal Render Pipeline/Particles/SimpleLit' not found
Refreshing native plugins compatible for Editor in 0.85 ms, found 3 plugins.
Preloading 0 native plugins for Editor in 0.00 ms.
Unloading 2991 Unused Serialized files (Serialized files now loaded: 0)
System memory in use before: 136.6 MB.
System memory in use after: 136.8 MB.

Unloading 29 unused Assets to reduce memory usage. Loaded Objects now: 3830.
Total: 2.722700 ms (FindLiveObjects: 0.386000 ms CreateObjectMapping: 0.247500 ms MarkObjects: 2.069100 ms  DeleteObjects: 0.019300 ms)

========================================================================
Received Prepare
Registering precompiled user dll's ...
Registered in 0.007127 seconds.
Begin MonoManager ReloadAssembly
Native extension for WindowsStandalone target not found
Native extension for WebGL target not found
Refreshing native plugins compatible for Editor in 1.03 ms, found 3 plugins.
Preloading 0 native plugins for Editor in 0.00 ms.
Mono: successfully reloaded assembly
- Completed reload, in  0.997 seconds
Platform modules already initialized, skipping
Shader 'Universal Render Pipeline/Particles/Lit': fallback shader 'Universal Render Pipeline/Particles/SimpleLit' not found
Refreshing native plugins compatible for Editor in 0.82 ms, found 3 plugins.
Preloading 0 native plugins for Editor in 0.00 ms.
Unloading 2991 Unused Serialized files (Serialized files now loaded: 0)
System memory in use before: 137.1 MB.
System memory in use after: 137.3 MB.

Unloading 29 unused Assets to reduce memory usage. Loaded Objects now: 3835.
Total: 2.327400 ms (FindLiveObjects: 0.301600 ms CreateObjectMapping: 0.148700 ms MarkObjects: 1.858500 ms  DeleteObjects: 0.017800 ms)

========================================================================
Received Prepare
Registering precompiled user dll's ...
Registered in 0.006407 seconds.
Begin MonoManager ReloadAssembly
Native extension for WindowsStandalone target not found
Native extension for WebGL target not found
Refreshing native plugins compatible for Editor in 0.84 ms, found 3 plugins.
Preloading 0 native plugins for Editor in 0.00 ms.
Mono: successfully reloaded assembly
- Completed reload, in  0.980 seconds
Platform modules already initialized, skipping
Shader 'Universal Render Pipeline/Particles/Lit': fallback shader 'Universal Render Pipeline/Particles/SimpleLit' not found
Refreshing native plugins compatible for Editor in 1.00 ms, found 3 plugins.
Preloading 0 native plugins for Editor in 0.00 ms.
Unloading 2991 Unused Serialized files (Serialized files now loaded: 0)
System memory in use before: 137.1 MB.
System memory in use after: 137.3 MB.

Unloading 29 unused Assets to reduce memory usage. Loaded Objects now: 3840.
Total: 3.351000 ms (FindLiveObjects: 0.464100 ms CreateObjectMapping: 0.291000 ms MarkObjects: 2.571900 ms  DeleteObjects: 0.022800 ms)

========================================================================
Received Prepare
Registering precompiled user dll's ...
Registered in 0.007111 seconds.
Begin MonoManager ReloadAssembly
Native extension for WindowsStandalone target not found
Native extension for WebGL target not found
Refreshing native plugins compatible for Editor in 0.86 ms, found 3 plugins.
Preloading 0 native plugins for Editor in 0.00 ms.
Mono: successfully reloaded assembly
- Completed reload, in  0.978 seconds
Platform modules already initialized, skipping
Shader 'Universal Render Pipeline/Particles/Lit': fallback shader 'Universal Render Pipeline/Particles/SimpleLit' not found
Refreshing native plugins compatible for Editor in 0.84 ms, found 3 plugins.
Preloading 0 native plugins for Editor in 0.00 ms.
Unloading 2991 Unused Serialized files (Serialized files now loaded: 0)
System memory in use before: 137.1 MB.
System memory in use after: 137.3 MB.

Unloading 29 unused Assets to reduce memory usage. Loaded Objects now: 3845.
Total: 2.943600 ms (FindLiveObjects: 0.302500 ms CreateObjectMapping: 0.139300 ms MarkObjects: 2.477000 ms  DeleteObjects: 0.023800 ms)

AssetImportWorkerClient::OnTransportError - code=2 error=End of file
